Timer/app/build/intermediates/manifest_merge_blame_file/debug/manifest-merger-blame-debug-report.txt
1<?xml version="1.0" encoding="utf-8"?>
2<manifest xmlns:android="http://schemas.android.com/apk/res/android"
3    package="com.example.lab2"
4    android:versionCode="6"
5    android:versionName="1.0" >
6
7    <uses-sdk
8        android:minSdkVersion="19"
8-->src\main\AndroidManifest.xml
9        android:targetSdkVersion="30" />
9-->src\main\AndroidManifest.xml
10
11    <application
11-->src\main\AndroidManifest.xml:5:5-39:19
12        android:allowBackup="true"
12-->src\main\AndroidManifest.xml:6:9-35
13        android:appComponentFactory="androidx.core.app.CoreComponentFactory"
13-->[androidx.core:core:1.3.1] AndroidManifest.xml:24:18-86
14        android:debuggable="true"
15        android:icon="@mipmap/ic_launcher"
15-->src\main\AndroidManifest.xml:7:9-43
16        android:label="@string/app_name"
16-->src\main\AndroidManifest.xml:8:9-41
17        android:roundIcon="@mipmap/ic_launcher_round"
17-->src\main\AndroidManifest.xml:9:9-54
18        android:supportsRtl="true"
18-->src\main\AndroidManifest.xml:10:9-35
19        android:testOnly="true"
20        android:theme="@style/AppTheme" >
20-->src\main\AndroidManifest.xml:11:9-40
21        <activity
21-->src\main\AndroidManifest.xml:12:9-18:20
22            android:name="com.example.lab2.SplashActivity"
22-->src\main\AndroidManifest.xml:12:19-49
23            android:theme="@style/SplashTheme" >
23-->src\main\AndroidManifest.xml:12:50-84
24            <intent-filter>
24-->src\main\AndroidManifest.xml:13:13-17:29
25                <action android:name="android.intent.action.MAIN" />
25-->src\main\AndroidManifest.xml:14:17-69
25-->src\main\AndroidManifest.xml:14:25-66
26
27                <category android:name="android.intent.category.LAUNCHER" />
27-->src\main\AndroidManifest.xml:16:17-77
27-->src\main\AndroidManifest.xml:16:27-74
28            </intent-filter>
29        </activity>
30        <activity android:name="com.example.lab2.SettingsActivity" />
30-->src\main\AndroidManifest.xml:20:9-54
30-->src\main\AndroidManifest.xml:20:19-51
31
32        <service
32-->src\main\AndroidManifest.xml:22:9-25:39
33            android:name="com.example.lab2.TimerService"
33-->src\main\AndroidManifest.xml:23:13-41
34            android:enabled="true"
34-->src\main\AndroidManifest.xml:24:13-35
35            android:exported="true" />
35-->src\main\AndroidManifest.xml:25:13-36
36
37        <activity
37-->src\main\AndroidManifest.xml:27:9-29:52
38            android:name="com.example.lab2.TimerActivity"
38-->src\main\AndroidManifest.xml:28:13-42
39            android:screenOrientation="portrait" />
39-->src\main\AndroidManifest.xml:29:13-49
40<!--         <activity android:name=".MainActivity" /> -->
41        <activity android:name="com.example.lab2.AddActivity" />
41-->src\main\AndroidManifest.xml:33:9-49
41-->src\main\AndroidManifest.xml:33:19-46
42        <activity
42-->src\main\AndroidManifest.xml:34:9-38:20
43            android:name="com.example.lab2.MainActivity"
43-->src\main\AndroidManifest.xml:35:13-41
44            android:label="Таймер" >
44-->src\main\AndroidManifest.xml:36:13-35
45        </activity>
46    </application>
47
48</manifest>